Arguments: 
  D:\nodejs\node.exe D:\Develop\nodejs\node_global\node_modules\yarn\bin\yarn.js add --dev @tarojs/plugin-vue-devtools

PATH: 
  E:\data-repository-wxml\node_modules\.bin;C:\WINDOWS\system32;C:\WINDOWS;C:\WINDOWS\System32\Wbem;C:\WINDOWS\System32\WindowsPowerShell\v1.0\;D:\Develop\nodejs\node_global;C:\Program Files\Git\cmd;C:\WINDOWS\System32\OpenSSH\;D:\Develop\nvm;D:\nodejs;D:\cmder;C:\Program Files\MySQL\MySQL Shell 8.0\bin\;C:\Users\yc007\AppData\Local\Microsoft\WindowsApps;C:\Users\yc007\AppData\Roaming\npm;D:\Microsoft VS Code\bin;C:\Program Files\JetBrains\WebStorm 2020.3.2\bin;;D:\Develop\nvm;D:\nodejs

Yarn version: 
  1.22.10

Node version: 
  12.13.0

Platform: 
  win32 x64

Trace: 
  Error: ENOENT: no such file or directory, copyfile 'C:\Users\yc007\AppData\Local\Yarn\Cache\v6\npm-lru-cache-6.0.0-6d6fe6570ebd96aaf90fcad1dafa3b2566db3a94-integrity\node_modules\lru-cache\index.js' -> 'E:\data-repository-wxml\node_modules\@npmcli\fs\node_modules\lru-cache\index.js'

npm manifest: 
  {
    "name": "data-repository-wxml",
    "version": "1.0.0",
    "private": true,
    "description": "数据资产平台小程序端",
    "templateInfo": {
      "name": "vue3-NutUI",
      "typescript": true,
      "css": "sass"
    },
    "scripts": {
      "build:weapp": "taro build --type weapp",
      "build:swan": "taro build --type swan",
      "build:alipay": "taro build --type alipay",
      "build:tt": "taro build --type tt",
      "build:h5": "taro build --type h5",
      "build:rn": "taro build --type rn",
      "build:qq": "taro build --type qq",
      "build:quickapp": "taro build --type quickapp",
      "dev:weapp": "npm run build:weapp -- --watch",
      "dev:swan": "npm run build:swan -- --watch",
      "dev:alipay": "npm run build:alipay -- --watch",
      "dev:tt": "npm run build:tt -- --watch",
      "dev:h5": "npm run build:h5 -- --watch",
      "dev:rn": "npm run build:rn -- --watch",
      "dev:qq": "npm run build:qq -- --watch",
      "dev:quickapp": "npm run build:quickapp -- --watch"
    },
    "browserslist": [
      "last 3 versions",
      "Android >= 4.1",
      "ios >= 8"
    ],
    "author": "",
    "license": "MIT",
    "dependencies": {
      "@babel/runtime": "^7.7.7",
      "@tarojs/runtime": "3.3.9",
      "@tarojs/taro": "3.3.9",
      "@tarojs/components": "3.3.9",
      "@tarojs/plugin-html": "3.3.9",
      "vue": "^3.0.0",
      "@nutui/nutui-taro": "^3.0.3"
    },
    "devDependencies": {
      "@babel/core": "^7.8.0",
      "@tarojs/cli": "3.3.9",
      "@tarojs/mini-runner": "3.3.9",
      "@tarojs/webpack-runner": "3.3.9",
      "@types/webpack-env": "^1.13.6",
      "@typescript-eslint/eslint-plugin": "^2.x",
      "@typescript-eslint/parser": "^2.x",
      "@vue/compiler-sfc": "^3.0.0",
      "babel-plugin-import": "^1.13.3",
      "babel-preset-taro": "3.3.9",
      "eslint": "^6.8.0",
      "eslint-config-taro": "3.3.9",
      "eslint-plugin-vue": "^7.0.0",
      "stylelint": "9.3.0",
      "typescript": "^3.7.0",
      "vue-loader": "^16.0.0-beta.8"
    }
  }

yarn manifest: 
  No manifest

Lockfile: 
  No lockfile
